<?xml version="1.0" encoding="UTF-8"?>
<!-- Generated by org.testng.reporters.JUnitReportReporter -->
<testsuite hostname="DESKTOP-FB83TTS" failures="0" tests="1" name="Testcases.Selection" time="13.027" errors="0" timestamp="2025-03-17T13:42:27 IST" skipped="0">
  <testcase classname="Testcases.Selection" name="Selectiontest" time="13.027"/>
</testsuite> <!-- Testcases.Selection -->
