<?xml version="1.0" encoding="UTF-8"?>
<!-- Generated by org.testng.reporters.JUnitReportReporter -->
<testsuite hostname="DESKTOP-FB83TTS" failures="0" tests="1" name="Testcases.Cartfunctest" time="7.475" errors="0" timestamp="2025-03-11T21:45:38 IST" skipped="0">
  <testcase classname="Testcases.Cartfunctest" name="Cartfunc" time="7.475"/>
</testsuite> <!-- Testcases.Cartfunctest -->
