<?xml version="1.0" encoding="UTF-8"?>
<!-- Generated by org.testng.reporters.JUnitReportReporter -->
<testsuite hostname="DESKTOP-FB83TTS" failures="0" tests="1" name="Testcases.orderplace" time="12.772" errors="0" timestamp="2025-03-17T18:19:29 IST" skipped="0">
  <testcase classname="Testcases.orderplace" name="Orderplace" time="12.772"/>
</testsuite> <!-- Testcases.orderplace -->
