<?xml version="1.0" encoding="UTF-8"?>
<!-- Generated by org.testng.reporters.JUnitReportReporter -->
<testsuite hostname="DESKTOP-FB83TTS" failures="0" tests="1" name="Testcases.Logintest" time="8.888" errors="0" timestamp="2025-03-11T21:45:38 IST" skipped="0">
  <testcase classname="Testcases.Logintest" name="Login" time="8.888"/>
</testsuite> <!-- Testcases.Logintest -->
