<?xml version="1.0" encoding="UTF-8"?>
<!-- Generated by org.testng.reporters.JUnitReportReporter -->
<testsuite hostname="DESKTOP-FB83TTS" failures="0" tests="1" name="Testcases.Cartfunctest" time="9.311" errors="0" timestamp="2025-03-17T13:42:27 IST" skipped="0">
  <testcase classname="Testcases.Cartfunctest" name="Cartfunc" time="9.311"/>
</testsuite> <!-- Testcases.Cartfunctest -->
