<?xml version="1.0" encoding="UTF-8"?>
<!-- Generated by org.testng.reporters.JUnitReportReporter -->
<testsuite hostname="DESKTOP-FB83TTS" failures="0" tests="1" name="Testcases.Signuptest" time="12.315" errors="0" timestamp="2025-03-17T13:42:27 IST" skipped="0">
  <testcase classname="Testcases.Signuptest" name="Signup" time="12.315"/>
</testsuite> <!-- Testcases.Signuptest -->
